0 info it worked if it ends with ok
1 verbose cli [ '/usr/local/bin/node', '/usr/local/bin/npm', 'run', 'deploy' ]
2 info using npm@3.10.10
3 info using node@v6.9.4
4 verbose run-script [ 'predeploy', 'deploy', 'postdeploy' ]
5 info lifecycle codemash@0.1.0~predeploy: codemash@0.1.0
6 silly lifecycle codemash@0.1.0~predeploy: no script for predeploy, continuing
7 info lifecycle codemash@0.1.0~deploy: codemash@0.1.0
8 verbose lifecycle codemash@0.1.0~deploy: unsafe-perm in lifecycle true
9 verbose lifecycle codemash@0.1.0~deploy: PATH: /usr/local/lib/node_modules/npm/bin/node-gyp-bin:/Users/JonNorstrom/Desktop/CodemashSchedule/node_modules/.bin:/usr/local/heroku/bin:/usr/local/bin:/usr/local/sbin:~/bin:/Users/jonnorstrom/.rbenv/bin:/Users/jonnorstrom/.rbenv/shims:/usr/local/bin:/usr/bin:/bin:/usr/sbin:/sbin:/Applications/Postgres.app/Contents/Versions/latest/bin
10 verbose lifecycle codemash@0.1.0~deploy: CWD: /Users/JonNorstrom/Desktop/CodemashSchedule
11 silly lifecycle codemash@0.1.0~deploy: Args: [ '-c', 'npm run build && surge build --domain codemash-jon' ]
12 silly lifecycle codemash@0.1.0~deploy: Returned: code: 1  signal: null
13 info lifecycle codemash@0.1.0~deploy: Failed to exec deploy script
14 verbose stack Error: codemash@0.1.0 deploy: `npm run build && surge build --domain codemash-jon`
14 verbose stack Exit status 1
14 verbose stack     at EventEmitter.<anonymous> (/usr/local/lib/node_modules/npm/lib/utils/lifecycle.js:255:16)
14 verbose stack     at emitTwo (events.js:106:13)
14 verbose stack     at EventEmitter.emit (events.js:191:7)
14 verbose stack     at ChildProcess.<anonymous> (/usr/local/lib/node_modules/npm/lib/utils/spawn.js:40:14)
14 verbose stack     at emitTwo (events.js:106:13)
14 verbose stack     at ChildProcess.emit (events.js:191:7)
14 verbose stack     at maybeClose (internal/child_process.js:877:16)
14 verbose stack     at Process.ChildProcess._handle.onexit (internal/child_process.js:226:5)
15 verbose pkgid codemash@0.1.0
16 verbose cwd /Users/JonNorstrom/Desktop/CodemashSchedule
17 error Darwin 16.3.0
18 error argv "/usr/local/bin/node" "/usr/local/bin/npm" "run" "deploy"
19 error node v6.9.4
20 error npm  v3.10.10
21 error code ELIFECYCLE
22 error codemash@0.1.0 deploy: `npm run build && surge build --domain codemash-jon`
22 error Exit status 1
23 error Failed at the codemash@0.1.0 deploy script 'npm run build && surge build --domain codemash-jon'.
23 error Make sure you have the latest version of node.js and npm installed.
23 error If you do, this is most likely a problem with the codemash package,
23 error not with npm itself.
23 error Tell the author that this fails on your system:
23 error     npm run build && surge build --domain codemash-jon
23 error You can get information on how to open an issue for this project with:
23 error     npm bugs codemash
23 error Or if that isn't available, you can get their info via:
23 error     npm owner ls codemash
23 error There is likely additional logging output above.
24 verbose exit [ 1, true ]
